[debug] [2023-05-25T13:20:25.299Z] ----------------------------------------------------------------------
[debug] [2023-05-25T13:20:25.304Z] Command:       C:\Program Files\nodejs\node.exe C:\Users\Bruno\AppData\Roaming\npm\node_modules\firebase-tools\lib\bin\firebase.js init
[debug] [2023-05-25T13:20:25.306Z] CLI Version:   12.2.0
[debug] [2023-05-25T13:20:25.308Z] Platform:      win32
[debug] [2023-05-25T13:20:25.309Z] Node Version:  v18.16.0
[debug] [2023-05-25T13:20:25.312Z] Time:          Thu May 25 2023 10:20:25 GMT-0300 (Horário Padrão de Brasília)
[debug] [2023-05-25T13:20:25.312Z] ----------------------------------------------------------------------
[debug] 
[debug] [2023-05-25T13:20:25.333Z] > command requires scopes: ["email","openid","https://www.googleapis.com/auth/cloudplatformprojects.readonly","https://www.googleapis.com/auth/firebase","https://www.googleapis.com/auth/cloud-platform"]
[debug] [2023-05-25T13:20:25.334Z] > authorizing via signed-in user (frian6123@gmail.com)
[info] 
     ######## #### ########  ######## ########     ###     ######  ########
     ##        ##  ##     ## ##       ##     ##  ##   ##  ##       ##
     ######    ##  ########  ######   ########  #########  ######  ######
     ##        ##  ##    ##  ##       ##     ## ##     ##       ## ##
     ##       #### ##     ## ######## ########  ##     ##  ######  ########

You're about to initialize a Firebase project in this directory:

  C:\Users\Bruno\OneDrive\Documentos\Angular Workspace\BibliotecaRestAngular

[info] 
=== Project Setup
[info] 
[info] First, let's associate this project directory with a Firebase project.
[info] You can create multiple project aliases by running firebase use --add, 
[info] but for now we'll just set up a default project.
[info] 
[debug] [2023-05-25T13:21:20.930Z] > refreshing access token with scopes: []
[debug] [2023-05-25T13:21:20.933Z] >>> [apiv2][query] POST https://www.googleapis.com/oauth2/v3/token [none]
[debug] [2023-05-25T13:21:20.933Z] >>> [apiv2][body] POST https://www.googleapis.com/oauth2/v3/token [omitted]
[debug] [2023-05-25T13:21:21.291Z] <<< [apiv2][status] POST https://www.googleapis.com/oauth2/v3/token 200
[debug] [2023-05-25T13:21:21.292Z] <<< [apiv2][body] POST https://www.googleapis.com/oauth2/v3/token [omitted]
[debug] [2023-05-25T13:21:21.299Z] >>> [apiv2][query] GET https://firebase.googleapis.com/v1beta1/projects pageSize=100
[debug] [2023-05-25T13:21:21.951Z] <<< [apiv2][status] GET https://firebase.googleapis.com/v1beta1/projects 200
[debug] [2023-05-25T13:21:21.951Z] <<< [apiv2][body] GET https://firebase.googleapis.com/v1beta1/projects [omitted]
[info] i  Using project bibliotecarestangularspring (BibliotecaRestAngularSpring) 
[info] 
=== Hosting Setup
[info] 
[info] Your public directory is the folder (relative to your project directory) that
[info] will contain Hosting assets to be uploaded with firebase deploy. If you
[info] have a build process for your assets, use your build's output directory.
[info] 
[debug] [2023-05-25T13:22:05.200Z] ----------------------------------------------------------------------
[debug] [2023-05-25T13:22:05.201Z] Command:       C:\Program Files\nodejs\node.exe C:\Users\Bruno\AppData\Roaming\npm\node_modules\firebase-tools\lib\bin\firebase.js init
[debug] [2023-05-25T13:22:05.202Z] CLI Version:   12.2.0
[debug] [2023-05-25T13:22:05.202Z] Platform:      win32
[debug] [2023-05-25T13:22:05.202Z] Node Version:  v18.16.0
[debug] [2023-05-25T13:22:05.203Z] Time:          Thu May 25 2023 10:22:05 GMT-0300 (Horário Padrão de Brasília)
[debug] [2023-05-25T13:22:05.203Z] ----------------------------------------------------------------------
[debug] 
[debug] [2023-05-25T13:22:05.209Z] > command requires scopes: ["email","openid","https://www.googleapis.com/auth/cloudplatformprojects.readonly","https://www.googleapis.com/auth/firebase","https://www.googleapis.com/auth/cloud-platform"]
[debug] [2023-05-25T13:22:05.210Z] > authorizing via signed-in user (frian6123@gmail.com)
[info] 
     ######## #### ########  ######## ########     ###     ######  ########
     ##        ##  ##     ## ##       ##     ##  ##   ##  ##       ##
     ######    ##  ########  ######   ########  #########  ######  ######
     ##        ##  ##    ##  ##       ##     ## ##     ##       ## ##
     ##       #### ##     ## ######## ########  ##     ##  ######  ########

You're about to initialize a Firebase project in this directory:

  C:\Users\Bruno\OneDrive\Documentos\Angular Workspace\BibliotecaRestAngular

[info] 
=== Project Setup
[info] 
[info] First, let's associate this project directory with a Firebase project.
[info] You can create multiple project aliases by running firebase use --add, 
[info] but for now we'll just set up a default project.
[info] 
[debug] [2023-05-25T13:22:16.365Z] >>> [apiv2][query] GET https://firebase.googleapis.com/v1beta1/projects pageSize=100
[debug] [2023-05-25T13:22:17.075Z] <<< [apiv2][status] GET https://firebase.googleapis.com/v1beta1/projects 200
[debug] [2023-05-25T13:22:17.075Z] <<< [apiv2][body] GET https://firebase.googleapis.com/v1beta1/projects [omitted]
[info] i  Using project bibliotecarestangularspring (BibliotecaRestAngularSpring) 
[info] 
=== Hosting Setup
[info] 
[info] Your public directory is the folder (relative to your project directory) that
[info] will contain Hosting assets to be uploaded with firebase deploy. If you
[info] have a build process for your assets, use your build's output directory.
[info] 
[debug] [2023-05-25T13:23:00.415Z] >>> [apiv2][query] GET https://www.gstatic.com/firebasejs/releases.json [none]
[debug] [2023-05-25T13:23:00.516Z] <<< [apiv2][status] GET https://www.gstatic.com/firebasejs/releases.json 200
[debug] [2023-05-25T13:23:00.517Z] <<< [apiv2][body] GET https://www.gstatic.com/firebasejs/releases.json {"current":{"version":"9.22.0","browserURL":"https://www.gstatic.com/firebasejs/9.22.0/firebase.js","packageURL":"https://www.gstatic.com/firebasejs/9.22.0/firebase.tgz"},"live":{"version":"9.22","browserURL":"https://www.gstatic.com/firebasejs/live/9.22/firebase.js","packageURL":"https://www.gstatic.com/firebasejs/live/9.22/firebase.tgz"},"components":{"analytics":"https://www.gstatic.com/firebasejs/9.22.0/firebase-analytics.js","app":"https://www.gstatic.com/firebasejs/9.22.0/firebase-app.js","app-check":"https://www.gstatic.com/firebasejs/9.22.0/firebase-app-check.js","auth":"https://www.gstatic.com/firebasejs/9.22.0/firebase-auth.js","auth/cordova":"https://www.gstatic.com/firebasejs/9.22.0/firebase-auth/cordova.js","auth/react-native":"https://www.gstatic.com/firebasejs/9.22.0/firebase-auth/react-native.js","functions":"https://www.gstatic.com/firebasejs/9.22.0/firebase-functions.js","firestore":"https://www.gstatic.com/firebasejs/9.22.0/firebase-firestore.js","firestore/lite":"https://www.gstatic.com/firebasejs/9.22.0/firebase-firestore/lite.js","installations":"https://www.gstatic.com/firebasejs/9.22.0/firebase-installations.js","storage":"https://www.gstatic.com/firebasejs/9.22.0/firebase-storage.js","performance":"https://www.gstatic.com/firebasejs/9.22.0/firebase-performance.js","remote-config":"https://www.gstatic.com/firebasejs/9.22.0/firebase-remote-config.js","messaging":"https://www.gstatic.com/firebasejs/9.22.0/firebase-messaging.js","messaging/sw":"https://www.gstatic.com/firebasejs/9.22.0/firebase-messaging/sw.js","database":"https://www.gstatic.com/firebasejs/9.22.0/firebase-database.js","firestore.memory":"https://www.gstatic.com/firebasejs/9.22.0/firebase-firestore.memory.js"}}
[info] i  Skipping write of dist/biblioteca-rest-angular/index.html 
[info] 
[info] i  Detected a .git folder at C:\Users\Bruno\OneDrive\Documentos\Angular Workspace\BibliotecaRestAngular 
[info] i  Authorizing with GitHub to upload your service account to a GitHub repository's secrets store. 
[info] 
[info] Visit this URL on this device to log in:
[info] https://github.com/login/oauth/authorize?client_id=89cf50f02ac6aaed3484&state=812322509&redirect_uri=http%3A%2F%2Flocalhost%3A9005&scope=read%3Auser%20repo%20public_repo
[info] 
[info] Waiting for authentication...
[debug] [2023-05-25T13:23:10.397Z] >>> [apiv2][query] POST https://github.com/login/oauth/access_token [none]
[debug] [2023-05-25T13:23:10.397Z] >>> [apiv2][body] POST https://github.com/login/oauth/access_token [stream]
[debug] [2023-05-25T13:23:10.690Z] <<< [apiv2][status] POST https://github.com/login/oauth/access_token 200
[debug] [2023-05-25T13:23:10.690Z] <<< [apiv2][body] POST https://github.com/login/oauth/access_token {"access_token":"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","token_type":"bearer","scope":"read:user,repo"}
[debug] [2023-05-25T13:23:10.697Z] >>> [apiv2][query] GET https://api.github.com/user [none]
[debug] [2023-05-25T13:23:10.983Z] <<< [apiv2][status] GET https://api.github.com/user 200
[debug] [2023-05-25T13:23:10.983Z] <<< [apiv2][body] GET https://api.github.com/user {"login":"bruno-caxa","id":88119853,"node_id":"MDQ6VXNlcjg4MTE5ODUz","avatar_url":"https://avatars.githubusercontent.com/u/88119853?v=4","gravatar_id":"","url":"https://api.github.com/users/bruno-caxa","html_url":"https://github.com/bruno-caxa","followers_url":"https://api.github.com/users/bruno-caxa/followers","following_url":"https://api.github.com/users/bruno-caxa/following{/other_user}","gists_url":"https://api.github.com/users/bruno-caxa/gists{/gist_id}","starred_url":"https://api.github.com/users/bruno-caxa/starred{/owner}{/repo}","subscriptions_url":"https://api.github.com/users/bruno-caxa/subscriptions","organizations_url":"https://api.github.com/users/bruno-caxa/orgs","repos_url":"https://api.github.com/users/bruno-caxa/repos","events_url":"https://api.github.com/users/bruno-caxa/events{/privacy}","received_events_url":"https://api.github.com/users/bruno-caxa/received_events","type":"User","site_admin":false,"name":"Bruno H. Capozzoli","company":null,"blog":"","location":null,"email":null,"hireable":null,"bio":"Formado em Análise e Desenvolvimento de Sistemas 2022 - Fatec Bragança Paulista.\r\n\r\nFoco dos estudos em back-end com Spring e front-end Angular","twitter_username":null,"public_repos":4,"public_gists":0,"followers":0,"following":0,"created_at":"2021-07-29T00:41:18Z","updated_at":"2023-05-25T12:09:28Z","private_gists":0,"total_private_repos":0,"owned_private_repos":0,"disk_usage":20882,"collaborators":0,"two_factor_authentication":false,"plan":{"name":"free","space":976562499,"collaborators":0,"private_repos":10000}}
[info] 
[info] +  Success! Logged into GitHub as bruno-caxa 
[info] 
[debug] [2023-05-25T13:23:39.154Z] >>> [apiv2][query] GET https://api.github.com/repos//actions/secrets/public-key type=owner
[debug] [2023-05-25T13:23:39.347Z] <<< [apiv2][status] GET https://api.github.com/repos//actions/secrets/public-key 404
[debug] [2023-05-25T13:23:39.347Z] <<< [apiv2][body] GET https://api.github.com/repos//actions/secrets/public-key {"message":"Not Found","documentation_url":"https://docs.github.com/rest"}
[info] 
[info] 
[error] !  The provided authorization cannot be used with this repository. If this repository is in an organization, did you remember to grant access? 
[info] 
[info] i  Action required: Visit this URL to ensure access has been granted to the appropriate organization(s) for the Firebase CLI GitHub OAuth App: 
[info] https://github.com/settings/connections/applications/89cf50f02ac6aaed3484
[info] 
